<?xml version="1.0" encoding="UTF-8"?>
<!-- Generated by org.testng.reporters.JUnitReportReporter -->
<testsuite hostname="HP" name="org.test2.Test2.A" tests="1" failures="0" timestamp="28 Jul 2021 15:30:00 GMT" time="0.135" errors="0">
  <testcase name="tco" time="0.135" classname="org.test2.Test2.A"/>
</testsuite> <!-- org.test2.Test2.A -->
